0 verbose cli C:\Program Files\nodejs\node.exe C:\Program Files\nodejs\node_modules\npm\bin\npm-cli.js
1 info using npm@10.9.3
2 info using node@v22.20.0
3 silly config load:file:C:\Program Files\nodejs\node_modules\npm\npmrc
4 silly config load:file:D:\girlfriend-gift-collection-master\chat-want-to-say\.npmrc
5 silly config load:file:C:\Users\Gagan Kumar\.npmrc
6 silly config load:file:C:\Users\Gagan Kumar\AppData\Roaming\npm\etc\npmrc
7 verbose title npm install
8 verbose argv "install" "--cache" ".\\.npm-cache"
9 verbose logfile logs-max:10 dir:D:\girlfriend-gift-collection-master\chat-want-to-say\.npm-cache\_logs\2026-06-02T14_39_39_846Z-
10 verbose logfile D:\girlfriend-gift-collection-master\chat-want-to-say\.npm-cache\_logs\2026-06-02T14_39_39_846Z-debug-0.log
11 silly logfile done cleaning log files
12 silly packumentCache heap:4345298944 maxSize:1086324736 maxEntrySize:543162368
13 silly idealTree buildDeps
14 silly fetch manifest @varlet/ui@https://registry.npmmirror.com/@varlet/ui/download/@varlet/ui-1.24.1.tgz
15 http cache @varlet/ui@https://registry.npmmirror.com/@varlet/ui/download/@varlet/ui-1.24.1.tgz 0ms (cache hit)
16 silly tarball no local data for @varlet/ui@https://registry.npmmirror.com/@varlet/ui/download/@varlet/ui-1.24.1.tgz. Extracting by manifest.
17 http fetch GET 200 https://cdn.npmmirror.com/packages/%40varlet/ui/1.24.1/ui-1.24.1.tgz 3855ms (cache miss)
18 silly fetch manifest vue@https://registry.npmmirror.com/vue/download/vue-3.2.26.tgz
19 http cache vue@https://registry.npmmirror.com/vue/download/vue-3.2.26.tgz 0ms (cache hit)
20 silly tarball no local data for vue@https://registry.npmmirror.com/vue/download/vue-3.2.26.tgz. Extracting by manifest.
21 http fetch GET 200 https://cdn.npmmirror.com/packages/vue/3.2.26/vue-3.2.26.tgz 2375ms (cache miss)
22 silly fetch manifest animate.css@https://registry.npmmirror.com/animate.css/download/animate.css-4.1.1.tgz
23 http cache animate.css@https://registry.npmmirror.com/animate.css/download/animate.css-4.1.1.tgz 0ms (cache hit)
24 silly tarball no local data for animate.css@https://registry.npmmirror.com/animate.css/download/animate.css-4.1.1.tgz. Extracting by manifest.
25 http fetch GET 200 https://cdn.npmmirror.com/packages/animate.css/4.1.1/animate.css-4.1.1.tgz 776ms (cache miss)
26 silly fetch manifest typed.js@https://registry.npmmirror.com/typed.js/download/typed.js-2.0.12.tgz
27 http cache typed.js@https://registry.npmmirror.com/typed.js/download/typed.js-2.0.12.tgz 0ms (cache hit)
28 silly tarball no local data for typed.js@https://registry.npmmirror.com/typed.js/download/typed.js-2.0.12.tgz. Extracting by manifest.
29 http fetch GET 200 https://cdn.npmmirror.com/packages/typed.js/2.0.12/typed.js-2.0.12.tgz 1025ms (cache miss)
30 silly fetch manifest @vitejs/plugin-vue@https://registry.npmmirror.com/@vitejs/plugin-vue/download/@vitejs/plugin-vue-2.0.1.tgz
31 http cache @vitejs/plugin-vue@https://registry.npmmirror.com/@vitejs/plugin-vue/download/@vitejs/plugin-vue-2.0.1.tgz 0ms (cache hit)
32 silly tarball no local data for @vitejs/plugin-vue@https://registry.npmmirror.com/@vitejs/plugin-vue/download/@vitejs/plugin-vue-2.0.1.tgz. Extracting by manifest.
33 http fetch GET 200 https://cdn.npmmirror.com/packages/%40vitejs/plugin-vue/2.0.1/plugin-vue-2.0.1.tgz 628ms (cache miss)
34 silly fetch manifest vite@https://registry.npmmirror.com/vite/download/vite-2.7.8.tgz
35 http cache vite@https://registry.npmmirror.com/vite/download/vite-2.7.8.tgz 0ms (cache hit)
36 silly tarball no local data for vite@https://registry.npmmirror.com/vite/download/vite-2.7.8.tgz. Extracting by manifest.
37 http fetch GET 200 https://cdn.npmmirror.com/packages/vite/2.7.8/vite-2.7.8.tgz 1382ms (cache miss)
38 silly fetch manifest less@*
39 silly packumentCache full:https://registry.npmjs.org/less cache-miss
40 http fetch GET 200 https://registry.npmjs.org/less 1479ms (cache miss)
41 silly packumentCache full:https://registry.npmjs.org/less set size:undefined disposed:false
42 silly fetch manifest sass@https://registry.npmmirror.com/sass/download/sass-1.32.13.tgz
43 http cache sass@https://registry.npmmirror.com/sass/download/sass-1.32.13.tgz 0ms (cache hit)
44 silly tarball no local data for sass@https://registry.npmmirror.com/sass/download/sass-1.32.13.tgz. Extracting by manifest.
45 http fetch GET 200 https://cdn.npmmirror.com/packages/sass/1.32.13/sass-1.32.13.tgz 791ms (cache miss)
46 silly fetch manifest stylus@*
47 silly packumentCache full:https://registry.npmjs.org/stylus cache-miss
48 http fetch GET 200 https://registry.npmjs.org/stylus 114ms (cache miss)
49 silly packumentCache full:https://registry.npmjs.org/stylus set size:undefined disposed:false
50 silly fetch manifest scss@https://registry.npm.taobao.org/scss/download/scss-0.2.4.tgz
51 http cache scss@https://registry.npm.taobao.org/scss/download/scss-0.2.4.tgz 0ms (cache hit)
52 silly tarball no local data for scss@https://registry.npm.taobao.org/scss/download/scss-0.2.4.tgz. Extracting by manifest.
53 http fetch GET https://registry.npm.taobao.org/scss/download/scss-0.2.4.tgz attempt 1 failed with CERT_HAS_EXPIRED
54 http fetch GET https://registry.npm.taobao.org/scss/download/scss-0.2.4.tgz attempt 2 failed with CERT_HAS_EXPIRED
55 http fetch GET https://registry.npm.taobao.org/scss/download/scss-0.2.4.tgz attempt 3 failed with CERT_HAS_EXPIRED
56 silly placeDep ROOT @varlet/ui@1.24.1 OK for: chat-want-to-say@0.0.0 want: ^1.24.1
57 silly placeDep ROOT vue@3.2.26 OK for: @varlet/ui@1.24.1 want: ^3.2.0
58 silly placeDep ROOT @vitejs/plugin-vue@2.0.1 OK for: chat-want-to-say@0.0.0 want: ^2.0.0
59 silly placeDep ROOT vite@2.7.8 OK for: @vitejs/plugin-vue@2.0.1 want: ^2.5.10
60 silly placeDep ROOT animate.css@4.1.1 OK for: chat-want-to-say@0.0.0 want: ^4.1.1
61 silly placeDep ROOT sass@1.32.13 OK for: chat-want-to-say@0.0.0 want: ~1.32.12
62 silly placeDep ROOT scss@ OK for: chat-want-to-say@0.0.0 want: ^0.2.4
63 silly placeDep ROOT typed.js@2.0.12 OK for: chat-want-to-say@0.0.0 want: ^2.0.12
64 silly fetch manifest dayjs@https://registry.npmmirror.com/dayjs/download/dayjs-1.10.7.tgz
65 silly fetch manifest decimal.js@https://registry.nlark.com/decimal.js/download/decimal.js-10.3.1.tgz
66 silly fetch manifest @vue/shared@https://registry.npmmirror.com/@vue/shared/download/@vue/shared-3.2.26.tgz
67 silly fetch manifest @vue/compiler-dom@https://registry.npmmirror.com/@vue/compiler-dom/download/@vue/compiler-dom-3.2.26.tgz
68 silly fetch manifest @vue/runtime-dom@https://registry.npmmirror.com/@vue/runtime-dom/download/@vue/runtime-dom-3.2.26.tgz
69 silly fetch manifest @vue/compiler-sfc@https://registry.npmmirror.com/@vue/compiler-sfc/download/@vue/compiler-sfc-3.2.26.tgz
70 silly fetch manifest @vue/server-renderer@https://registry.npmmirror.com/@vue/server-renderer/download/@vue/server-renderer-3.2.26.tgz
71 silly fetch manifest esbuild@https://registry.npmmirror.com/esbuild/download/esbuild-0.13.15.tgz
72 silly fetch manifest postcss@https://registry.npmmirror.com/postcss/download/postcss-8.4.5.tgz
73 silly fetch manifest resolve@https://registry.nlark.com/resolve/download/resolve-1.20.0.tgz?cache=0&sync_timestamp=1618846903792&other_urls=https%3A%2F%2Fregistry.nlark.com%2Fresolve%2Fdownload%2Fresolve-1.20.0.tgz
74 silly fetch manifest rollup@https://registry.npmmirror.com/rollup/download/rollup-2.62.0.tgz
75 silly fetch manifest fsevents@https://registry.npmmirror.com/fsevents/download/fsevents-2.3.2.tgz
76 silly fetch manifest chokidar@https://registry.npmmirror.com/chokidar/download/chokidar-3.5.2.tgz
77 http cache @vue/compiler-dom@https://registry.npmmirror.com/@vue/compiler-dom/download/@vue/compiler-dom-3.2.26.tgz 1ms (cache hit)
78 http cache decimal.js@https://registry.nlark.com/decimal.js/download/decimal.js-10.3.1.tgz 0ms (cache hit)
79 http cache dayjs@https://registry.npmmirror.com/dayjs/download/dayjs-1.10.7.tgz 0ms (cache hit)
80 http cache @vue/compiler-sfc@https://registry.npmmirror.com/@vue/compiler-sfc/download/@vue/compiler-sfc-3.2.26.tgz 0ms (cache hit)
81 http cache @vue/shared@https://registry.npmmirror.com/@vue/shared/download/@vue/shared-3.2.26.tgz 0ms (cache hit)
82 http cache esbuild@https://registry.npmmirror.com/esbuild/download/esbuild-0.13.15.tgz 0ms (cache hit)
83 http cache @vue/runtime-dom@https://registry.npmmirror.com/@vue/runtime-dom/download/@vue/runtime-dom-3.2.26.tgz 0ms (cache hit)
84 http cache postcss@https://registry.npmmirror.com/postcss/download/postcss-8.4.5.tgz 0ms (cache hit)
85 http cache resolve@https://registry.nlark.com/resolve/download/resolve-1.20.0.tgz?cache=0&sync_timestamp=1618846903792&other_urls=https%3A%2F%2Fregistry.nlark.com%2Fresolve%2Fdownload%2Fresolve-1.20.0.tgz 0ms (cache hit)
86 http cache @vue/server-renderer@https://registry.npmmirror.com/@vue/server-renderer/download/@vue/server-renderer-3.2.26.tgz 0ms (cache hit)
87 silly tarball no local data for @vue/compiler-dom@https://registry.npmmirror.com/@vue/compiler-dom/download/@vue/compiler-dom-3.2.26.tgz. Extracting by manifest.
88 silly tarball no local data for decimal.js@https://registry.nlark.com/decimal.js/download/decimal.js-10.3.1.tgz. Extracting by manifest.
89 silly tarball no local data for dayjs@https://registry.npmmirror.com/dayjs/download/dayjs-1.10.7.tgz. Extracting by manifest.
90 silly tarball no local data for @vue/compiler-sfc@https://registry.npmmirror.com/@vue/compiler-sfc/download/@vue/compiler-sfc-3.2.26.tgz. Extracting by manifest.
91 http cache fsevents@https://registry.npmmirror.com/fsevents/download/fsevents-2.3.2.tgz 0ms (cache hit)
92 http cache rollup@https://registry.npmmirror.com/rollup/download/rollup-2.62.0.tgz 1ms (cache hit)
93 silly tarball no local data for @vue/shared@https://registry.npmmirror.com/@vue/shared/download/@vue/shared-3.2.26.tgz. Extracting by manifest.
94 http cache chokidar@https://registry.npmmirror.com/chokidar/download/chokidar-3.5.2.tgz 0ms (cache hit)
95 silly tarball no local data for esbuild@https://registry.npmmirror.com/esbuild/download/esbuild-0.13.15.tgz. Extracting by manifest.
96 silly tarball no local data for @vue/runtime-dom@https://registry.npmmirror.com/@vue/runtime-dom/download/@vue/runtime-dom-3.2.26.tgz. Extracting by manifest.
97 silly tarball no local data for postcss@https://registry.npmmirror.com/postcss/download/postcss-8.4.5.tgz. Extracting by manifest.
98 silly tarball no local data for resolve@https://registry.nlark.com/resolve/download/resolve-1.20.0.tgz?cache=0&sync_timestamp=1618846903792&other_urls=https%3A%2F%2Fregistry.nlark.com%2Fresolve%2Fdownload%2Fresolve-1.20.0.tgz. Extracting by manifest.
99 silly tarball no local data for @vue/server-renderer@https://registry.npmmirror.com/@vue/server-renderer/download/@vue/server-renderer-3.2.26.tgz. Extracting by manifest.
100 silly tarball no local data for fsevents@https://registry.npmmirror.com/fsevents/download/fsevents-2.3.2.tgz. Extracting by manifest.
101 silly tarball no local data for rollup@https://registry.npmmirror.com/rollup/download/rollup-2.62.0.tgz. Extracting by manifest.
102 silly tarball no local data for chokidar@https://registry.npmmirror.com/chokidar/download/chokidar-3.5.2.tgz. Extracting by manifest.
103 http fetch GET https://registry.nlark.com/decimal.js/download/decimal.js-10.3.1.tgz attempt 1 failed with ENOTFOUND
104 http fetch GET https://registry.nlark.com/resolve/download/resolve-1.20.0.tgz?cache=0&sync_timestamp=1618846903792&other_urls=https%3A%2F%2Fregistry.nlark.com%2Fresolve%2Fdownload%2Fresolve-1.20.0.tgz attempt 1 failed with ENOTFOUND
105 http fetch GET 200 https://cdn.npmmirror.com/packages/%40vue/compiler-dom/3.2.26/compiler-dom-3.2.26.tgz 842ms (cache miss)
106 http fetch GET 200 https://cdn.npmmirror.com/packages/%40vue/shared/3.2.26/shared-3.2.26.tgz 1123ms (cache miss)
107 http fetch GET 200 https://cdn.npmmirror.com/packages/fsevents/2.3.2/fsevents-2.3.2.tgz 1129ms (cache miss)
108 http fetch GET 200 https://cdn.npmmirror.com/packages/%40vue/server-renderer/3.2.26/server-renderer-3.2.26.tgz 1181ms (cache miss)
109 http fetch GET 200 https://cdn.npmmirror.com/packages/esbuild/0.13.15/esbuild-0.13.15.tgz 1202ms (cache miss)
110 http fetch GET 200 https://cdn.npmmirror.com/packages/chokidar/3.5.2/chokidar-3.5.2.tgz 1229ms (cache miss)
111 http fetch GET 200 https://cdn.npmmirror.com/packages/postcss/8.4.5/postcss-8.4.5.tgz 1290ms (cache miss)
112 http fetch GET 200 https://cdn.npmmirror.com/packages/%40vue/runtime-dom/3.2.26/runtime-dom-3.2.26.tgz 1472ms (cache miss)
113 http fetch GET 200 https://cdn.npmmirror.com/packages/%40vue/compiler-sfc/3.2.26/compiler-sfc-3.2.26.tgz 1609ms (cache miss)
114 http fetch GET 200 https://cdn.npmmirror.com/packages/dayjs/1.10.7/dayjs-1.10.7.tgz 1899ms (cache miss)
115 http fetch GET 200 https://cdn.npmmirror.com/packages/rollup/2.62.0/rollup-2.62.0.tgz 4514ms (cache miss)
116 http fetch GET https://registry.nlark.com/decimal.js/download/decimal.js-10.3.1.tgz attempt 2 failed with ENOTFOUND
117 http fetch GET https://registry.nlark.com/resolve/download/resolve-1.20.0.tgz?cache=0&sync_timestamp=1618846903792&other_urls=https%3A%2F%2Fregistry.nlark.com%2Fresolve%2Fdownload%2Fresolve-1.20.0.tgz attempt 2 failed with ENOTFOUND
118 http fetch GET https://registry.nlark.com/decimal.js/download/decimal.js-10.3.1.tgz attempt 3 failed with ENOTFOUND
119 http fetch GET https://registry.nlark.com/resolve/download/resolve-1.20.0.tgz?cache=0&sync_timestamp=1618846903792&other_urls=https%3A%2F%2Fregistry.nlark.com%2Fresolve%2Fdownload%2Fresolve-1.20.0.tgz attempt 3 failed with ENOTFOUND
120 silly fetch manifest decimal.js@https://registry.nlark.com/decimal.js/download/decimal.js-10.3.1.tgz
121 http cache decimal.js@https://registry.nlark.com/decimal.js/download/decimal.js-10.3.1.tgz 0ms (cache hit)
122 silly tarball no local data for decimal.js@https://registry.nlark.com/decimal.js/download/decimal.js-10.3.1.tgz. Extracting by manifest.
123 http fetch GET https://registry.nlark.com/decimal.js/download/decimal.js-10.3.1.tgz attempt 1 failed with ENOTFOUND
124 http fetch GET https://registry.nlark.com/decimal.js/download/decimal.js-10.3.1.tgz attempt 2 failed with ENOTFOUND
125 http fetch GET https://registry.nlark.com/decimal.js/download/decimal.js-10.3.1.tgz attempt 3 failed with ENOTFOUND
126 silly placeDep ROOT dayjs@1.10.7 OK for: @varlet/ui@1.24.1 want: ^1.10.4
127 silly placeDep node_modules/@varlet/ui decimal.js@ OK for: @varlet/ui@1.24.1 want: ^10.2.1
128 silly placeDep ROOT chokidar@3.5.2 OK for: sass@1.32.13 want: >=3.0.0 <4.0.0
129 silly fetch manifest anymatch@https://registry.npm.taobao.org/anymatch/download/anymatch-3.1.2.tgz?cache=0&sync_timestamp=1617747502795&other_urls=https%3A%2F%2Fregistry.npm.taobao.org%2Fanymatch%2Fdownload%2Fanymatch-3.1.2.tgz
130 silly fetch manifest braces@https://registry.npm.taobao.org/braces/download/braces-3.0.2.tgz
131 silly fetch manifest glob-parent@https://registry.npmmirror.com/glob-parent/download/glob-parent-5.1.2.tgz?cache=0&sync_timestamp=1632954190616&other_urls=https%3A%2F%2Fregistry.npmmirror.com%2Fglob-parent%2Fdownload%2Fglob-parent-5.1.2.tgz
132 silly fetch manifest is-binary-path@https://registry.nlark.com/is-binary-path/download/is-binary-path-2.1.0.tgz
133 silly fetch manifest is-glob@https://registry.npmmirror.com/is-glob/download/is-glob-4.0.3.tgz?cache=0&sync_timestamp=1632934498977&other_urls=https%3A%2F%2Fregistry.npmmirror.com%2Fis-glob%2Fdownload%2Fis-glob-4.0.3.tgz
134 silly fetch manifest normalize-path@https://registry.npm.taobao.org/normalize-path/download/normalize-path-3.0.0.tgz
135 silly fetch manifest readdirp@https://registry.npm.taobao.org/readdirp/download/readdirp-3.6.0.tgz?cache=0&sync_timestamp=1615717369278&other_urls=https%3A%2F%2Fregistry.npm.taobao.org%2Freaddirp%2Fdownload%2Freaddirp-3.6.0.tgz
136 http cache braces@https://registry.npm.taobao.org/braces/download/braces-3.0.2.tgz 0ms (cache hit)
137 http cache glob-parent@https://registry.npmmirror.com/glob-parent/download/glob-parent-5.1.2.tgz?cache=0&sync_timestamp=1632954190616&other_urls=https%3A%2F%2Fregistry.npmmirror.com%2Fglob-parent%2Fdownload%2Fglob-parent-5.1.2.tgz 0ms (cache hit)
138 http cache is-binary-path@https://registry.nlark.com/is-binary-path/download/is-binary-path-2.1.0.tgz 0ms (cache hit)
139 http cache is-glob@https://registry.npmmirror.com/is-glob/download/is-glob-4.0.3.tgz?cache=0&sync_timestamp=1632934498977&other_urls=https%3A%2F%2Fregistry.npmmirror.com%2Fis-glob%2Fdownload%2Fis-glob-4.0.3.tgz 0ms (cache hit)
140 silly tarball no local data for braces@https://registry.npm.taobao.org/braces/download/braces-3.0.2.tgz. Extracting by manifest.
141 silly tarball no local data for glob-parent@https://registry.npmmirror.com/glob-parent/download/glob-parent-5.1.2.tgz?cache=0&sync_timestamp=1632954190616&other_urls=https%3A%2F%2Fregistry.npmmirror.com%2Fglob-parent%2Fdownload%2Fglob-parent-5.1.2.tgz. Extracting by manifest.
142 http cache anymatch@https://registry.npm.taobao.org/anymatch/download/anymatch-3.1.2.tgz?cache=0&sync_timestamp=1617747502795&other_urls=https%3A%2F%2Fregistry.npm.taobao.org%2Fanymatch%2Fdownload%2Fanymatch-3.1.2.tgz 0ms (cache hit)
143 silly tarball no local data for is-binary-path@https://registry.nlark.com/is-binary-path/download/is-binary-path-2.1.0.tgz. Extracting by manifest.
144 http cache readdirp@https://registry.npm.taobao.org/readdirp/download/readdirp-3.6.0.tgz?cache=0&sync_timestamp=1615717369278&other_urls=https%3A%2F%2Fregistry.npm.taobao.org%2Freaddirp%2Fdownload%2Freaddirp-3.6.0.tgz 0ms (cache hit)
145 silly tarball no local data for is-glob@https://registry.npmmirror.com/is-glob/download/is-glob-4.0.3.tgz?cache=0&sync_timestamp=1632934498977&other_urls=https%3A%2F%2Fregistry.npmmirror.com%2Fis-glob%2Fdownload%2Fis-glob-4.0.3.tgz. Extracting by manifest.
146 http cache normalize-path@https://registry.npm.taobao.org/normalize-path/download/normalize-path-3.0.0.tgz 0ms (cache hit)
147 silly tarball no local data for anymatch@https://registry.npm.taobao.org/anymatch/download/anymatch-3.1.2.tgz?cache=0&sync_timestamp=1617747502795&other_urls=https%3A%2F%2Fregistry.npm.taobao.org%2Fanymatch%2Fdownload%2Fanymatch-3.1.2.tgz. Extracting by manifest.
148 silly tarball no local data for readdirp@https://registry.npm.taobao.org/readdirp/download/readdirp-3.6.0.tgz?cache=0&sync_timestamp=1615717369278&other_urls=https%3A%2F%2Fregistry.npm.taobao.org%2Freaddirp%2Fdownload%2Freaddirp-3.6.0.tgz. Extracting by manifest.
149 silly tarball no local data for normalize-path@https://registry.npm.taobao.org/normalize-path/download/normalize-path-3.0.0.tgz. Extracting by manifest.
150 http fetch GET https://registry.nlark.com/is-binary-path/download/is-binary-path-2.1.0.tgz attempt 1 failed with ENOTFOUND
151 http fetch GET https://registry.npm.taobao.org/normalize-path/download/normalize-path-3.0.0.tgz attempt 1 failed with CERT_HAS_EXPIRED
152 http fetch GET https://registry.npm.taobao.org/braces/download/braces-3.0.2.tgz attempt 1 failed with CERT_HAS_EXPIRED
153 http fetch GET https://registry.npm.taobao.org/anymatch/download/anymatch-3.1.2.tgz?cache=0&sync_timestamp=1617747502795&other_urls=https%3A%2F%2Fregistry.npm.taobao.org%2Fanymatch%2Fdownload%2Fanymatch-3.1.2.tgz attempt 1 failed with CERT_HAS_EXPIRED
154 http fetch GET https://registry.npm.taobao.org/readdirp/download/readdirp-3.6.0.tgz?cache=0&sync_timestamp=1615717369278&other_urls=https%3A%2F%2Fregistry.npm.taobao.org%2Freaddirp%2Fdownload%2Freaddirp-3.6.0.tgz attempt 1 failed with CERT_HAS_EXPIRED
155 http fetch GET 200 https://cdn.npmmirror.com/packages/is-glob/4.0.3/is-glob-4.0.3.tgz 6049ms (cache miss)
156 http fetch GET 200 https://cdn.npmmirror.com/packages/glob-parent/5.1.2/glob-parent-5.1.2.tgz 6160ms (cache miss)
157 http fetch GET https://registry.nlark.com/is-binary-path/download/is-binary-path-2.1.0.tgz attempt 2 failed with ENOTFOUND
158 http fetch GET https://registry.npm.taobao.org/normalize-path/download/normalize-path-3.0.0.tgz attempt 2 failed with CERT_HAS_EXPIRED
159 http fetch GET https://registry.npm.taobao.org/braces/download/braces-3.0.2.tgz attempt 2 failed with CERT_HAS_EXPIRED
160 http fetch GET https://registry.npm.taobao.org/anymatch/download/anymatch-3.1.2.tgz?cache=0&sync_timestamp=1617747502795&other_urls=https%3A%2F%2Fregistry.npm.taobao.org%2Fanymatch%2Fdownload%2Fanymatch-3.1.2.tgz attempt 2 failed with CERT_HAS_EXPIRED
161 http fetch GET https://registry.npm.taobao.org/readdirp/download/readdirp-3.6.0.tgz?cache=0&sync_timestamp=1615717369278&other_urls=https%3A%2F%2Fregistry.npm.taobao.org%2Freaddirp%2Fdownload%2Freaddirp-3.6.0.tgz attempt 2 failed with CERT_HAS_EXPIRED
162 http fetch GET https://registry.nlark.com/is-binary-path/download/is-binary-path-2.1.0.tgz attempt 3 failed with ENOTFOUND
163 http fetch GET https://registry.npm.taobao.org/normalize-path/download/normalize-path-3.0.0.tgz attempt 3 failed with CERT_HAS_EXPIRED
164 http fetch GET https://registry.npm.taobao.org/braces/download/braces-3.0.2.tgz attempt 3 failed with CERT_HAS_EXPIRED
165 http fetch GET https://registry.npm.taobao.org/anymatch/download/anymatch-3.1.2.tgz?cache=0&sync_timestamp=1617747502795&other_urls=https%3A%2F%2Fregistry.npm.taobao.org%2Fanymatch%2Fdownload%2Fanymatch-3.1.2.tgz attempt 3 failed with CERT_HAS_EXPIRED
166 http fetch GET https://registry.npm.taobao.org/readdirp/download/readdirp-3.6.0.tgz?cache=0&sync_timestamp=1615717369278&other_urls=https%3A%2F%2Fregistry.npm.taobao.org%2Freaddirp%2Fdownload%2Freaddirp-3.6.0.tgz attempt 3 failed with CERT_HAS_EXPIRED
167 silly fetch manifest anymatch@https://registry.npm.taobao.org/anymatch/download/anymatch-3.1.2.tgz?cache=0&sync_timestamp=1617747502795&other_urls=https%3A%2F%2Fregistry.npm.taobao.org%2Fanymatch%2Fdownload%2Fanymatch-3.1.2.tgz
168 http cache anymatch@https://registry.npm.taobao.org/anymatch/download/anymatch-3.1.2.tgz?cache=0&sync_timestamp=1617747502795&other_urls=https%3A%2F%2Fregistry.npm.taobao.org%2Fanymatch%2Fdownload%2Fanymatch-3.1.2.tgz 0ms (cache hit)
169 silly tarball no local data for anymatch@https://registry.npm.taobao.org/anymatch/download/anymatch-3.1.2.tgz?cache=0&sync_timestamp=1617747502795&other_urls=https%3A%2F%2Fregistry.npm.taobao.org%2Fanymatch%2Fdownload%2Fanymatch-3.1.2.tgz. Extracting by manifest.
170 http fetch GET https://registry.npm.taobao.org/anymatch/download/anymatch-3.1.2.tgz?cache=0&sync_timestamp=1617747502795&other_urls=https%3A%2F%2Fregistry.npm.taobao.org%2Fanymatch%2Fdownload%2Fanymatch-3.1.2.tgz attempt 1 failed with CERT_HAS_EXPIRED
171 http fetch GET https://registry.npm.taobao.org/anymatch/download/anymatch-3.1.2.tgz?cache=0&sync_timestamp=1617747502795&other_urls=https%3A%2F%2Fregistry.npm.taobao.org%2Fanymatch%2Fdownload%2Fanymatch-3.1.2.tgz attempt 2 failed with CERT_HAS_EXPIRED
172 http fetch GET https://registry.npm.taobao.org/anymatch/download/anymatch-3.1.2.tgz?cache=0&sync_timestamp=1617747502795&other_urls=https%3A%2F%2Fregistry.npm.taobao.org%2Fanymatch%2Fdownload%2Fanymatch-3.1.2.tgz attempt 3 failed with CERT_HAS_EXPIRED
173 silly fetch manifest braces@https://registry.npm.taobao.org/braces/download/braces-3.0.2.tgz
174 http cache braces@https://registry.npm.taobao.org/braces/download/braces-3.0.2.tgz 0ms (cache hit)
175 silly tarball no local data for braces@https://registry.npm.taobao.org/braces/download/braces-3.0.2.tgz. Extracting by manifest.
176 http fetch GET https://registry.npm.taobao.org/braces/download/braces-3.0.2.tgz attempt 1 failed with CERT_HAS_EXPIRED
177 http fetch GET https://registry.npm.taobao.org/braces/download/braces-3.0.2.tgz attempt 2 failed with CERT_HAS_EXPIRED
178 http fetch GET https://registry.npm.taobao.org/braces/download/braces-3.0.2.tgz attempt 3 failed with CERT_HAS_EXPIRED
179 silly fetch manifest is-binary-path@https://registry.nlark.com/is-binary-path/download/is-binary-path-2.1.0.tgz
180 http cache is-binary-path@https://registry.nlark.com/is-binary-path/download/is-binary-path-2.1.0.tgz 0ms (cache hit)
181 silly tarball no local data for is-binary-path@https://registry.nlark.com/is-binary-path/download/is-binary-path-2.1.0.tgz. Extracting by manifest.
182 http fetch GET https://registry.nlark.com/is-binary-path/download/is-binary-path-2.1.0.tgz attempt 1 failed with ENOTFOUND
183 http fetch GET https://registry.nlark.com/is-binary-path/download/is-binary-path-2.1.0.tgz attempt 2 failed with ENOTFOUND
184 http fetch GET https://registry.nlark.com/is-binary-path/download/is-binary-path-2.1.0.tgz attempt 3 failed with ENOTFOUND
185 silly fetch manifest normalize-path@https://registry.npm.taobao.org/normalize-path/download/normalize-path-3.0.0.tgz
186 http cache normalize-path@https://registry.npm.taobao.org/normalize-path/download/normalize-path-3.0.0.tgz 0ms (cache hit)
187 silly tarball no local data for normalize-path@https://registry.npm.taobao.org/normalize-path/download/normalize-path-3.0.0.tgz. Extracting by manifest.
188 http fetch GET https://registry.npm.taobao.org/normalize-path/download/normalize-path-3.0.0.tgz attempt 1 failed with CERT_HAS_EXPIRED
189 http fetch GET https://registry.npm.taobao.org/normalize-path/download/normalize-path-3.0.0.tgz attempt 2 failed with CERT_HAS_EXPIRED
190 http fetch GET https://registry.npm.taobao.org/normalize-path/download/normalize-path-3.0.0.tgz attempt 3 failed with CERT_HAS_EXPIRED
191 silly fetch manifest readdirp@https://registry.npm.taobao.org/readdirp/download/readdirp-3.6.0.tgz?cache=0&sync_timestamp=1615717369278&other_urls=https%3A%2F%2Fregistry.npm.taobao.org%2Freaddirp%2Fdownload%2Freaddirp-3.6.0.tgz
192 http cache readdirp@https://registry.npm.taobao.org/readdirp/download/readdirp-3.6.0.tgz?cache=0&sync_timestamp=1615717369278&other_urls=https%3A%2F%2Fregistry.npm.taobao.org%2Freaddirp%2Fdownload%2Freaddirp-3.6.0.tgz 0ms (cache hit)
193 silly tarball no local data for readdirp@https://registry.npm.taobao.org/readdirp/download/readdirp-3.6.0.tgz?cache=0&sync_timestamp=1615717369278&other_urls=https%3A%2F%2Fregistry.npm.taobao.org%2Freaddirp%2Fdownload%2Freaddirp-3.6.0.tgz. Extracting by manifest.
194 http fetch GET https://registry.npm.taobao.org/readdirp/download/readdirp-3.6.0.tgz?cache=0&sync_timestamp=1615717369278&other_urls=https%3A%2F%2Fregistry.npm.taobao.org%2Freaddirp%2Fdownload%2Freaddirp-3.6.0.tgz attempt 1 failed with CERT_HAS_EXPIRED
195 http fetch GET https://registry.npm.taobao.org/readdirp/download/readdirp-3.6.0.tgz?cache=0&sync_timestamp=1615717369278&other_urls=https%3A%2F%2Fregistry.npm.taobao.org%2Freaddirp%2Fdownload%2Freaddirp-3.6.0.tgz attempt 2 failed with CERT_HAS_EXPIRED
196 http fetch GET https://registry.npm.taobao.org/readdirp/download/readdirp-3.6.0.tgz?cache=0&sync_timestamp=1615717369278&other_urls=https%3A%2F%2Fregistry.npm.taobao.org%2Freaddirp%2Fdownload%2Freaddirp-3.6.0.tgz attempt 3 failed with CERT_HAS_EXPIRED
197 silly placeDep node_modules/chokidar anymatch@ OK for: chokidar@3.5.2 want: ~3.1.2
198 silly placeDep node_modules/chokidar braces@ OK for: chokidar@3.5.2 want: ~3.0.2
199 silly placeDep ROOT fsevents@2.3.2 OK for: chokidar@3.5.2 want: ~2.3.2
200 silly placeDep ROOT glob-parent@5.1.2 OK for: chokidar@3.5.2 want: ~5.1.2
201 silly placeDep node_modules/chokidar is-binary-path@ OK for: chokidar@3.5.2 want: ~2.1.0
202 silly placeDep ROOT is-glob@4.0.3 OK for: chokidar@3.5.2 want: ~4.0.1
203 silly placeDep node_modules/chokidar normalize-path@ OK for: chokidar@3.5.2 want: ~3.0.0
204 silly placeDep node_modules/chokidar readdirp@ OK for: chokidar@3.5.2 want: ~3.6.0
205 silly fetch manifest is-extglob@https://registry.nlark.com/is-extglob/download/is-extglob-2.1.1.tgz
206 http cache is-extglob@https://registry.nlark.com/is-extglob/download/is-extglob-2.1.1.tgz 1ms (cache hit)
207 silly tarball no local data for is-extglob@https://registry.nlark.com/is-extglob/download/is-extglob-2.1.1.tgz. Extracting by manifest.
208 http fetch GET https://registry.nlark.com/is-extglob/download/is-extglob-2.1.1.tgz attempt 1 failed with ENOTFOUND
209 http fetch GET https://registry.nlark.com/is-extglob/download/is-extglob-2.1.1.tgz attempt 2 failed with ENOTFOUND
210 http fetch GET https://registry.nlark.com/is-extglob/download/is-extglob-2.1.1.tgz attempt 3 failed with ENOTFOUND
211 silly fetch manifest is-extglob@https://registry.nlark.com/is-extglob/download/is-extglob-2.1.1.tgz
212 http cache is-extglob@https://registry.nlark.com/is-extglob/download/is-extglob-2.1.1.tgz 0ms (cache hit)
213 silly tarball no local data for is-extglob@https://registry.nlark.com/is-extglob/download/is-extglob-2.1.1.tgz. Extracting by manifest.
214 http fetch GET https://registry.nlark.com/is-extglob/download/is-extglob-2.1.1.tgz attempt 1 failed with ENOTFOUND
215 http fetch GET https://registry.nlark.com/is-extglob/download/is-extglob-2.1.1.tgz attempt 2 failed with ENOTFOUND
216 http fetch GET https://registry.nlark.com/is-extglob/download/is-extglob-2.1.1.tgz attempt 3 failed with ENOTFOUND
217 silly placeDep node_modules/is-glob is-extglob@ OK for: is-glob@4.0.3 want: ^2.1.1
218 silly fetch manifest resolve@https://registry.nlark.com/resolve/download/resolve-1.20.0.tgz?cache=0&sync_timestamp=1618846903792&other_urls=https%3A%2F%2Fregistry.nlark.com%2Fresolve%2Fdownload%2Fresolve-1.20.0.tgz
219 http cache resolve@https://registry.nlark.com/resolve/download/resolve-1.20.0.tgz?cache=0&sync_timestamp=1618846903792&other_urls=https%3A%2F%2Fregistry.nlark.com%2Fresolve%2Fdownload%2Fresolve-1.20.0.tgz 0ms (cache hit)
220 silly tarball no local data for resolve@https://registry.nlark.com/resolve/download/resolve-1.20.0.tgz?cache=0&sync_timestamp=1618846903792&other_urls=https%3A%2F%2Fregistry.nlark.com%2Fresolve%2Fdownload%2Fresolve-1.20.0.tgz. Extracting by manifest.
221 http fetch GET https://registry.nlark.com/resolve/download/resolve-1.20.0.tgz?cache=0&sync_timestamp=1618846903792&other_urls=https%3A%2F%2Fregistry.nlark.com%2Fresolve%2Fdownload%2Fresolve-1.20.0.tgz attempt 1 failed with ENOTFOUND
222 http fetch GET https://registry.nlark.com/resolve/download/resolve-1.20.0.tgz?cache=0&sync_timestamp=1618846903792&other_urls=https%3A%2F%2Fregistry.nlark.com%2Fresolve%2Fdownload%2Fresolve-1.20.0.tgz attempt 2 failed with ENOTFOUND
223 http fetch GET https://registry.nlark.com/resolve/download/resolve-1.20.0.tgz?cache=0&sync_timestamp=1618846903792&other_urls=https%3A%2F%2Fregistry.nlark.com%2Fresolve%2Fdownload%2Fresolve-1.20.0.tgz attempt 3 failed with ENOTFOUND
224 silly placeDep ROOT esbuild@0.13.15 OK for: vite@2.7.8 want: ^0.13.12
225 silly placeDep ROOT postcss@8.4.5 OK for: vite@2.7.8 want: ^8.4.5
226 silly placeDep node_modules/vite resolve@ OK for: vite@2.7.8 want: ^1.20.0
227 silly placeDep ROOT rollup@2.62.0 OK for: vite@2.7.8 want: ^2.59.0
228 silly fetch manifest esbuild-android-arm64@https://registry.npmmirror.com/esbuild-android-arm64/download/esbuild-android-arm64-0.13.15.tgz
229 silly fetch manifest esbuild-darwin-64@https://registry.npmmirror.com/esbuild-darwin-64/download/esbuild-darwin-64-0.13.15.tgz
230 silly fetch manifest esbuild-darwin-arm64@https://registry.npmmirror.com/esbuild-darwin-arm64/download/esbuild-darwin-arm64-0.13.15.tgz
231 silly fetch manifest esbuild-freebsd-64@https://registry.npmmirror.com/esbuild-freebsd-64/download/esbuild-freebsd-64-0.13.15.tgz
232 silly fetch manifest esbuild-freebsd-arm64@https://registry.npmmirror.com/esbuild-freebsd-arm64/download/esbuild-freebsd-arm64-0.13.15.tgz
233 silly fetch manifest esbuild-linux-32@https://registry.npmmirror.com/esbuild-linux-32/download/esbuild-linux-32-0.13.15.tgz
234 silly fetch manifest esbuild-linux-64@https://registry.npmmirror.com/esbuild-linux-64/download/esbuild-linux-64-0.13.15.tgz
235 silly fetch manifest esbuild-linux-arm@https://registry.npmmirror.com/esbuild-linux-arm/download/esbuild-linux-arm-0.13.15.tgz
236 silly fetch manifest esbuild-linux-arm64@https://registry.npmmirror.com/esbuild-linux-arm64/download/esbuild-linux-arm64-0.13.15.tgz
237 silly fetch manifest esbuild-linux-mips64le@https://registry.npmmirror.com/esbuild-linux-mips64le/download/esbuild-linux-mips64le-0.13.15.tgz
238 silly fetch manifest esbuild-linux-ppc64le@https://registry.npmmirror.com/esbuild-linux-ppc64le/download/esbuild-linux-ppc64le-0.13.15.tgz
239 silly fetch manifest esbuild-netbsd-64@https://registry.npmmirror.com/esbuild-netbsd-64/download/esbuild-netbsd-64-0.13.15.tgz
240 silly fetch manifest esbuild-openbsd-64@https://registry.npmmirror.com/esbuild-openbsd-64/download/esbuild-openbsd-64-0.13.15.tgz
241 silly fetch manifest esbuild-sunos-64@https://registry.npmmirror.com/esbuild-sunos-64/download/esbuild-sunos-64-0.13.15.tgz
242 silly fetch manifest esbuild-windows-32@https://registry.npmmirror.com/esbuild-windows-32/download/esbuild-windows-32-0.13.15.tgz
243 silly fetch manifest esbuild-windows-64@https://registry.npmmirror.com/esbuild-windows-64/download/esbuild-windows-64-0.13.15.tgz
244 silly fetch manifest esbuild-windows-arm64@https://registry.npmmirror.com/esbuild-windows-arm64/download/esbuild-windows-arm64-0.13.15.tgz
245 silly fetch manifest nanoid@https://registry.npmmirror.com/nanoid/download/nanoid-3.1.30.tgz
246 silly fetch manifest picocolors@https://registry.npmmirror.com/picocolors/download/picocolors-1.0.0.tgz?cache=0&sync_timestamp=1634093442271&other_urls=https%3A%2F%2Fregistry.npmmirror.com%2Fpicocolors%2Fdownload%2Fpicocolors-1.0.0.tgz
247 silly fetch manifest source-map-js@https://registry.npmmirror.com/source-map-js/download/source-map-js-1.0.1.tgz
248 http cache esbuild-android-arm64@https://registry.npmmirror.com/esbuild-android-arm64/download/esbuild-android-arm64-0.13.15.tgz 1ms (cache hit)
249 http cache esbuild-darwin-64@https://registry.npmmirror.com/esbuild-darwin-64/download/esbuild-darwin-64-0.13.15.tgz 0ms (cache hit)
250 http cache esbuild-freebsd-64@https://registry.npmmirror.com/esbuild-freebsd-64/download/esbuild-freebsd-64-0.13.15.tgz 0ms (cache hit)
251 http cache esbuild-darwin-arm64@https://registry.npmmirror.com/esbuild-darwin-arm64/download/esbuild-darwin-arm64-0.13.15.tgz 0ms (cache hit)
252 http cache esbuild-freebsd-arm64@https://registry.npmmirror.com/esbuild-freebsd-arm64/download/esbuild-freebsd-arm64-0.13.15.tgz 0ms (cache hit)
253 http cache esbuild-linux-32@https://registry.npmmirror.com/esbuild-linux-32/download/esbuild-linux-32-0.13.15.tgz 0ms (cache hit)
254 http cache esbuild-linux-arm@https://registry.npmmirror.com/esbuild-linux-arm/download/esbuild-linux-arm-0.13.15.tgz 0ms (cache hit)
255 http cache esbuild-linux-ppc64le@https://registry.npmmirror.com/esbuild-linux-ppc64le/download/esbuild-linux-ppc64le-0.13.15.tgz 0ms (cache hit)
256 http cache esbuild-linux-64@https://registry.npmmirror.com/esbuild-linux-64/download/esbuild-linux-64-0.13.15.tgz 0ms (cache hit)
257 http cache esbuild-linux-arm64@https://registry.npmmirror.com/esbuild-linux-arm64/download/esbuild-linux-arm64-0.13.15.tgz 0ms (cache hit)
258 http cache esbuild-netbsd-64@https://registry.npmmirror.com/esbuild-netbsd-64/download/esbuild-netbsd-64-0.13.15.tgz 0ms (cache hit)
259 http cache esbuild-sunos-64@https://registry.npmmirror.com/esbuild-sunos-64/download/esbuild-sunos-64-0.13.15.tgz 0ms (cache hit)
260 http cache esbuild-linux-mips64le@https://registry.npmmirror.com/esbuild-linux-mips64le/download/esbuild-linux-mips64le-0.13.15.tgz 0ms (cache hit)
261 http cache esbuild-openbsd-64@https://registry.npmmirror.com/esbuild-openbsd-64/download/esbuild-openbsd-64-0.13.15.tgz 0ms (cache hit)
262 http cache esbuild-windows-32@https://registry.npmmirror.com/esbuild-windows-32/download/esbuild-windows-32-0.13.15.tgz 0ms (cache hit)
263 http cache esbuild-windows-arm64@https://registry.npmmirror.com/esbuild-windows-arm64/download/esbuild-windows-arm64-0.13.15.tgz 0ms (cache hit)
264 http cache esbuild-windows-64@https://registry.npmmirror.com/esbuild-windows-64/download/esbuild-windows-64-0.13.15.tgz 0ms (cache hit)
265 http cache nanoid@https://registry.npmmirror.com/nanoid/download/nanoid-3.1.30.tgz 0ms (cache hit)
266 silly tarball no local data for esbuild-android-arm64@https://registry.npmmirror.com/esbuild-android-arm64/download/esbuild-android-arm64-0.13.15.tgz. Extracting by manifest.
267 silly tarball no local data for esbuild-darwin-64@https://registry.npmmirror.com/esbuild-darwin-64/download/esbuild-darwin-64-0.13.15.tgz. Extracting by manifest.
268 silly tarball no local data for esbuild-freebsd-64@https://registry.npmmirror.com/esbuild-freebsd-64/download/esbuild-freebsd-64-0.13.15.tgz. Extracting by manifest.
269 silly tarball no local data for esbuild-darwin-arm64@https://registry.npmmirror.com/esbuild-darwin-arm64/download/esbuild-darwin-arm64-0.13.15.tgz. Extracting by manifest.
270 silly tarball no local data for esbuild-freebsd-arm64@https://registry.npmmirror.com/esbuild-freebsd-arm64/download/esbuild-freebsd-arm64-0.13.15.tgz. Extracting by manifest.
271 silly tarball no local data for esbuild-linux-32@https://registry.npmmirror.com/esbuild-linux-32/download/esbuild-linux-32-0.13.15.tgz. Extracting by manifest.
272 silly tarball no local data for esbuild-linux-arm@https://registry.npmmirror.com/esbuild-linux-arm/download/esbuild-linux-arm-0.13.15.tgz. Extracting by manifest.
273 http cache picocolors@https://registry.npmmirror.com/picocolors/download/picocolors-1.0.0.tgz?cache=0&sync_timestamp=1634093442271&other_urls=https%3A%2F%2Fregistry.npmmirror.com%2Fpicocolors%2Fdownload%2Fpicocolors-1.0.0.tgz 0ms (cache hit)
274 http cache source-map-js@https://registry.npmmirror.com/source-map-js/download/source-map-js-1.0.1.tgz 0ms (cache hit)
275 silly tarball no local data for esbuild-linux-ppc64le@https://registry.npmmirror.com/esbuild-linux-ppc64le/download/esbuild-linux-ppc64le-0.13.15.tgz. Extracting by manifest.
276 silly tarball no local data for esbuild-linux-64@https://registry.npmmirror.com/esbuild-linux-64/download/esbuild-linux-64-0.13.15.tgz. Extracting by manifest.
277 silly tarball no local data for esbuild-linux-arm64@https://registry.npmmirror.com/esbuild-linux-arm64/download/esbuild-linux-arm64-0.13.15.tgz. Extracting by manifest.
278 silly tarball no local data for esbuild-netbsd-64@https://registry.npmmirror.com/esbuild-netbsd-64/download/esbuild-netbsd-64-0.13.15.tgz. Extracting by manifest.
279 silly tarball no local data for esbuild-sunos-64@https://registry.npmmirror.com/esbuild-sunos-64/download/esbuild-sunos-64-0.13.15.tgz. Extracting by manifest.
280 silly tarball no local data for esbuild-linux-mips64le@https://registry.npmmirror.com/esbuild-linux-mips64le/download/esbuild-linux-mips64le-0.13.15.tgz. Extracting by manifest.
281 silly tarball no local data for esbuild-openbsd-64@https://registry.npmmirror.com/esbuild-openbsd-64/download/esbuild-openbsd-64-0.13.15.tgz. Extracting by manifest.
282 silly tarball no local data for esbuild-windows-32@https://registry.npmmirror.com/esbuild-windows-32/download/esbuild-windows-32-0.13.15.tgz. Extracting by manifest.
283 silly tarball no local data for esbuild-windows-arm64@https://registry.npmmirror.com/esbuild-windows-arm64/download/esbuild-windows-arm64-0.13.15.tgz. Extracting by manifest.
284 silly tarball no local data for esbuild-windows-64@https://registry.npmmirror.com/esbuild-windows-64/download/esbuild-windows-64-0.13.15.tgz. Extracting by manifest.
285 silly tarball no local data for nanoid@https://registry.npmmirror.com/nanoid/download/nanoid-3.1.30.tgz. Extracting by manifest.
286 silly tarball no local data for picocolors@https://registry.npmmirror.com/picocolors/download/picocolors-1.0.0.tgz?cache=0&sync_timestamp=1634093442271&other_urls=https%3A%2F%2Fregistry.npmmirror.com%2Fpicocolors%2Fdownload%2Fpicocolors-1.0.0.tgz. Extracting by manifest.
287 silly tarball no local data for source-map-js@https://registry.npmmirror.com/source-map-js/download/source-map-js-1.0.1.tgz. Extracting by manifest.
288 http fetch GET 200 https://cdn.npmmirror.com/packages/esbuild-freebsd-arm64/0.13.15/esbuild-freebsd-arm64-0.13.15.tgz 9724ms (cache miss)
289 http fetch GET 200 https://cdn.npmmirror.com/packages/nanoid/3.1.30/nanoid-3.1.30.tgz 9904ms (cache miss)
290 http fetch GET 200 https://cdn.npmmirror.com/packages/esbuild-linux-arm/0.13.15/esbuild-linux-arm-0.13.15.tgz 11035ms (cache miss)
291 http fetch GET 200 https://cdn.npmmirror.com/packages/esbuild-darwin-arm64/0.13.15/esbuild-darwin-arm64-0.13.15.tgz 11066ms (cache miss)
292 http fetch GET 200 https://cdn.npmmirror.com/packages/esbuild-sunos-64/0.13.15/esbuild-sunos-64-0.13.15.tgz 11124ms (cache miss)
293 http fetch GET 200 https://cdn.npmmirror.com/packages/picocolors/1.0.0/picocolors-1.0.0.tgz 11265ms (cache miss)
294 http fetch GET 200 https://cdn.npmmirror.com/packages/source-map-js/1.0.1/source-map-js-1.0.1.tgz 11378ms (cache miss)
295 http fetch GET 200 https://cdn.npmmirror.com/packages/esbuild-android-arm64/0.13.15/esbuild-android-arm64-0.13.15.tgz 11940ms (cache miss)
296 http fetch GET 200 https://cdn.npmmirror.com/packages/esbuild-darwin-64/0.13.15/esbuild-darwin-64-0.13.15.tgz 12148ms (cache miss)
297 http fetch GET 200 https://cdn.npmmirror.com/packages/esbuild-netbsd-64/0.13.15/esbuild-netbsd-64-0.13.15.tgz 12382ms (cache miss)
298 http fetch GET 200 https://cdn.npmmirror.com/packages/esbuild-linux-mips64le/0.13.15/esbuild-linux-mips64le-0.13.15.tgz 12742ms (cache miss)
299 http fetch GET 200 https://cdn.npmmirror.com/packages/esbuild-linux-32/0.13.15/esbuild-linux-32-0.13.15.tgz 12970ms (cache miss)
300 http fetch GET 200 https://cdn.npmmirror.com/packages/esbuild-linux-arm64/0.13.15/esbuild-linux-arm64-0.13.15.tgz 13667ms (cache miss)
301 http fetch GET 200 https://cdn.npmmirror.com/packages/esbuild-linux-ppc64le/0.13.15/esbuild-linux-ppc64le-0.13.15.tgz 14017ms (cache miss)
302 http fetch GET 200 https://cdn.npmmirror.com/packages/esbuild-freebsd-64/0.13.15/esbuild-freebsd-64-0.13.15.tgz 14116ms (cache miss)
303 http fetch GET 200 https://cdn.npmmirror.com/packages/esbuild-linux-64/0.13.15/esbuild-linux-64-0.13.15.tgz 14106ms (cache miss)
304 http fetch GET 200 https://cdn.npmmirror.com/packages/esbuild-windows-32/0.13.15/esbuild-windows-32-0.13.15.tgz 14290ms (cache miss)
305 http fetch GET 200 https://cdn.npmmirror.com/packages/esbuild-openbsd-64/0.13.15/esbuild-openbsd-64-0.13.15.tgz 14585ms (cache miss)
306 http fetch GET 200 https://cdn.npmmirror.com/packages/esbuild-windows-arm64/0.13.15/esbuild-windows-arm64-0.13.15.tgz 14998ms (cache miss)
307 http fetch GET 200 https://cdn.npmmirror.com/packages/esbuild-windows-64/0.13.15/esbuild-windows-64-0.13.15.tgz 15252ms (cache miss)
308 silly placeDep ROOT esbuild-android-arm64@0.13.15 OK for: esbuild@0.13.15 want: 0.13.15
309 silly placeDep ROOT esbuild-darwin-64@0.13.15 OK for: esbuild@0.13.15 want: 0.13.15
310 silly placeDep ROOT esbuild-darwin-arm64@0.13.15 OK for: esbuild@0.13.15 want: 0.13.15
311 silly placeDep ROOT esbuild-freebsd-64@0.13.15 OK for: esbuild@0.13.15 want: 0.13.15
312 silly placeDep ROOT esbuild-freebsd-arm64@0.13.15 OK for: esbuild@0.13.15 want: 0.13.15
313 silly placeDep ROOT esbuild-linux-32@0.13.15 OK for: esbuild@0.13.15 want: 0.13.15
314 silly placeDep ROOT esbuild-linux-64@0.13.15 OK for: esbuild@0.13.15 want: 0.13.15
315 silly placeDep ROOT esbuild-linux-arm@0.13.15 OK for: esbuild@0.13.15 want: 0.13.15
316 silly placeDep ROOT esbuild-linux-arm64@0.13.15 OK for: esbuild@0.13.15 want: 0.13.15
317 silly placeDep ROOT esbuild-linux-mips64le@0.13.15 OK for: esbuild@0.13.15 want: 0.13.15
318 silly placeDep ROOT esbuild-linux-ppc64le@0.13.15 OK for: esbuild@0.13.15 want: 0.13.15
319 silly placeDep ROOT esbuild-netbsd-64@0.13.15 OK for: esbuild@0.13.15 want: 0.13.15
320 silly placeDep ROOT esbuild-openbsd-64@0.13.15 OK for: esbuild@0.13.15 want: 0.13.15
321 silly placeDep ROOT esbuild-sunos-64@0.13.15 OK for: esbuild@0.13.15 want: 0.13.15
322 silly placeDep ROOT esbuild-windows-32@0.13.15 OK for: esbuild@0.13.15 want: 0.13.15
323 silly placeDep ROOT esbuild-windows-64@0.13.15 OK for: esbuild@0.13.15 want: 0.13.15
324 silly placeDep ROOT esbuild-windows-arm64@0.13.15 OK for: esbuild@0.13.15 want: 0.13.15
325 silly placeDep ROOT nanoid@3.1.30 OK for: postcss@8.4.5 want: ^3.1.30
326 silly placeDep ROOT picocolors@1.0.0 OK for: postcss@8.4.5 want: ^1.0.0
327 silly placeDep ROOT source-map-js@1.0.1 OK for: postcss@8.4.5 want: ^1.0.1
328 silly fetch manifest vue@3.2.26
329 silly packumentCache full:https://registry.npmjs.org/vue cache-miss
330 http fetch GET 200 https://registry.npmjs.org/vue 473ms (cache revalidated)
331 silly packumentCache full:https://registry.npmjs.org/vue set size:2042338 disposed:false
332 silly placeDep ROOT @vue/compiler-dom@3.2.26 OK for: vue@3.2.26 want: 3.2.26
333 silly placeDep ROOT @vue/compiler-sfc@3.2.26 OK for: vue@3.2.26 want: 3.2.26
334 silly placeDep ROOT @vue/runtime-dom@3.2.26 OK for: vue@3.2.26 want: 3.2.26
335 silly placeDep ROOT @vue/server-renderer@3.2.26 OK for: vue@3.2.26 want: 3.2.26
336 silly placeDep ROOT @vue/shared@3.2.26 OK for: vue@3.2.26 want: 3.2.26
337 silly fetch manifest @vue/compiler-core@https://registry.npmmirror.com/@vue/compiler-core/download/@vue/compiler-core-3.2.26.tgz
338 silly fetch manifest @babel/parser@https://registry.npmmirror.com/@babel/parser/download/@babel/parser-7.16.6.tgz
339 silly fetch manifest @vue/compiler-core@https://registry.npmmirror.com/@vue/compiler-core/download/@vue/compiler-core-3.2.26.tgz
340 silly fetch manifest @vue/compiler-ssr@https://registry.npmmirror.com/@vue/compiler-ssr/download/@vue/compiler-ssr-3.2.26.tgz
341 silly fetch manifest @vue/reactivity-transform@https://registry.npmmirror.com/@vue/reactivity-transform/download/@vue/reactivity-transform-3.2.26.tgz
342 silly fetch manifest estree-walker@https://registry.npmmirror.com/estree-walker/download/estree-walker-2.0.2.tgz
343 silly fetch manifest magic-string@https://registry.nlark.com/magic-string/download/magic-string-0.25.7.tgz
344 silly fetch manifest source-map@https://registry.npm.taobao.org/source-map/download/source-map-0.6.1.tgz
345 silly fetch manifest @vue/runtime-core@https://registry.npmmirror.com/@vue/runtime-core/download/@vue/runtime-core-3.2.26.tgz
346 silly fetch manifest csstype@https://registry.npmmirror.com/csstype/download/csstype-2.6.19.tgz
347 silly fetch manifest @vue/compiler-ssr@https://registry.npmmirror.com/@vue/compiler-ssr/download/@vue/compiler-ssr-3.2.26.tgz
348 http cache @vue/compiler-core@https://registry.npmmirror.com/@vue/compiler-core/download/@vue/compiler-core-3.2.26.tgz 1ms (cache hit)
349 http cache @babel/parser@https://registry.npmmirror.com/@babel/parser/download/@babel/parser-7.16.6.tgz 0ms (cache hit)
350 http cache @vue/compiler-core@https://registry.npmmirror.com/@vue/compiler-core/download/@vue/compiler-core-3.2.26.tgz 0ms (cache hit)
351 http cache @vue/reactivity-transform@https://registry.npmmirror.com/@vue/reactivity-transform/download/@vue/reactivity-transform-3.2.26.tgz 0ms (cache hit)
352 http cache @vue/compiler-ssr@https://registry.npmmirror.com/@vue/compiler-ssr/download/@vue/compiler-ssr-3.2.26.tgz 0ms (cache hit)
353 http cache magic-string@https://registry.nlark.com/magic-string/download/magic-string-0.25.7.tgz 0ms (cache hit)
354 silly tarball no local data for @vue/compiler-core@https://registry.npmmirror.com/@vue/compiler-core/download/@vue/compiler-core-3.2.26.tgz. Extracting by manifest.
355 http cache source-map@https://registry.npm.taobao.org/source-map/download/source-map-0.6.1.tgz 0ms (cache hit)
356 http cache estree-walker@https://registry.npmmirror.com/estree-walker/download/estree-walker-2.0.2.tgz 0ms (cache hit)
357 silly tarball no local data for @babel/parser@https://registry.npmmirror.com/@babel/parser/download/@babel/parser-7.16.6.tgz. Extracting by manifest.
358 http cache @vue/runtime-core@https://registry.npmmirror.com/@vue/runtime-core/download/@vue/runtime-core-3.2.26.tgz 0ms (cache hit)
359 silly tarball no local data for @vue/compiler-core@https://registry.npmmirror.com/@vue/compiler-core/download/@vue/compiler-core-3.2.26.tgz. Extracting by manifest.
360 http cache csstype@https://registry.npmmirror.com/csstype/download/csstype-2.6.19.tgz 0ms (cache hit)
361 silly tarball no local data for @vue/reactivity-transform@https://registry.npmmirror.com/@vue/reactivity-transform/download/@vue/reactivity-transform-3.2.26.tgz. Extracting by manifest.
362 silly tarball no local data for @vue/compiler-ssr@https://registry.npmmirror.com/@vue/compiler-ssr/download/@vue/compiler-ssr-3.2.26.tgz. Extracting by manifest.
363 http cache @vue/compiler-ssr@https://registry.npmmirror.com/@vue/compiler-ssr/download/@vue/compiler-ssr-3.2.26.tgz 0ms (cache hit)
364 silly tarball no local data for magic-string@https://registry.nlark.com/magic-string/download/magic-string-0.25.7.tgz. Extracting by manifest.
365 silly tarball no local data for source-map@https://registry.npm.taobao.org/source-map/download/source-map-0.6.1.tgz. Extracting by manifest.
366 silly tarball no local data for estree-walker@https://registry.npmmirror.com/estree-walker/download/estree-walker-2.0.2.tgz. Extracting by manifest.
367 silly tarball no local data for @vue/runtime-core@https://registry.npmmirror.com/@vue/runtime-core/download/@vue/runtime-core-3.2.26.tgz. Extracting by manifest.
368 silly tarball no local data for csstype@https://registry.npmmirror.com/csstype/download/csstype-2.6.19.tgz. Extracting by manifest.
369 silly tarball no local data for @vue/compiler-ssr@https://registry.npmmirror.com/@vue/compiler-ssr/download/@vue/compiler-ssr-3.2.26.tgz. Extracting by manifest.
370 http fetch GET https://registry.nlark.com/magic-string/download/magic-string-0.25.7.tgz attempt 1 failed with ENOTFOUND
371 http fetch GET https://registry.npm.taobao.org/source-map/download/source-map-0.6.1.tgz attempt 1 failed with CERT_HAS_EXPIRED
372 http fetch GET 200 https://cdn.npmmirror.com/packages/estree-walker/2.0.2/estree-walker-2.0.2.tgz 638ms (cache miss)
373 http fetch GET 200 https://cdn.npmmirror.com/packages/csstype/2.6.19/csstype-2.6.19.tgz 946ms (cache miss)
374 http fetch GET 200 https://cdn.npmmirror.com/packages/%40vue/compiler-ssr/3.2.26/compiler-ssr-3.2.26.tgz 2153ms (cache miss)
375 http fetch GET 200 https://cdn.npmmirror.com/packages/%40vue/compiler-ssr/3.2.26/compiler-ssr-3.2.26.tgz 2163ms (cache miss)
376 http fetch GET 200 https://cdn.npmmirror.com/packages/%40vue/compiler-core/3.2.26/compiler-core-3.2.26.tgz 2246ms (cache miss)
377 http fetch GET 200 https://cdn.npmmirror.com/packages/%40vue/compiler-core/3.2.26/compiler-core-3.2.26.tgz 2245ms (cache miss)
378 http fetch GET 200 https://cdn.npmmirror.com/packages/%40babel/parser/7.16.6/parser-7.16.6.tgz 2458ms (cache miss)
379 http fetch GET 200 https://cdn.npmmirror.com/packages/%40vue/runtime-core/3.2.26/runtime-core-3.2.26.tgz 2479ms (cache miss)
380 http fetch GET 200 https://cdn.npmmirror.com/packages/%40vue/reactivity-transform/3.2.26/reactivity-transform-3.2.26.tgz 4745ms (cache miss)
381 http fetch GET https://registry.nlark.com/magic-string/download/magic-string-0.25.7.tgz attempt 2 failed with ENOTFOUND
382 http fetch GET https://registry.npm.taobao.org/source-map/download/source-map-0.6.1.tgz attempt 2 failed with CERT_HAS_EXPIRED
383 http fetch GET https://registry.nlark.com/magic-string/download/magic-string-0.25.7.tgz attempt 3 failed with ENOTFOUND
384 http fetch GET https://registry.npm.taobao.org/source-map/download/source-map-0.6.1.tgz attempt 3 failed with CERT_HAS_EXPIRED
385 silly placeDep ROOT @vue/compiler-core@3.2.26 OK for: @vue/compiler-dom@3.2.26 want: 3.2.26
386 silly fetch manifest source-map@https://registry.npm.taobao.org/source-map/download/source-map-0.6.1.tgz
387 http cache source-map@https://registry.npm.taobao.org/source-map/download/source-map-0.6.1.tgz 0ms (cache hit)
388 silly tarball no local data for source-map@https://registry.npm.taobao.org/source-map/download/source-map-0.6.1.tgz. Extracting by manifest.
389 http fetch GET https://registry.npm.taobao.org/source-map/download/source-map-0.6.1.tgz attempt 1 failed with CERT_HAS_EXPIRED
390 http fetch GET https://registry.npm.taobao.org/source-map/download/source-map-0.6.1.tgz attempt 2 failed with CERT_HAS_EXPIRED
391 http fetch GET https://registry.npm.taobao.org/source-map/download/source-map-0.6.1.tgz attempt 3 failed with CERT_HAS_EXPIRED
392 silly fetch manifest source-map@https://registry.npm.taobao.org/source-map/download/source-map-0.6.1.tgz
393 http cache source-map@https://registry.npm.taobao.org/source-map/download/source-map-0.6.1.tgz 0ms (cache hit)
394 silly tarball no local data for source-map@https://registry.npm.taobao.org/source-map/download/source-map-0.6.1.tgz. Extracting by manifest.
395 http fetch GET https://registry.npm.taobao.org/source-map/download/source-map-0.6.1.tgz attempt 1 failed with CERT_HAS_EXPIRED
396 http fetch GET https://registry.npm.taobao.org/source-map/download/source-map-0.6.1.tgz attempt 2 failed with CERT_HAS_EXPIRED
397 http fetch GET https://registry.npm.taobao.org/source-map/download/source-map-0.6.1.tgz attempt 3 failed with CERT_HAS_EXPIRED
398 silly placeDep ROOT @babel/parser@7.16.6 OK for: @vue/compiler-core@3.2.26 want: ^7.16.4
399 silly placeDep ROOT estree-walker@2.0.2 OK for: @vue/compiler-core@3.2.26 want: ^2.0.2
400 silly placeDep node_modules/@vue/compiler-core source-map@ OK for: @vue/compiler-core@3.2.26 want: ^0.6.1
401 silly fetch manifest magic-string@https://registry.nlark.com/magic-string/download/magic-string-0.25.7.tgz
402 http cache magic-string@https://registry.nlark.com/magic-string/download/magic-string-0.25.7.tgz 0ms (cache hit)
403 silly tarball no local data for magic-string@https://registry.nlark.com/magic-string/download/magic-string-0.25.7.tgz. Extracting by manifest.
404 http fetch GET https://registry.nlark.com/magic-string/download/magic-string-0.25.7.tgz attempt 1 failed with ENOTFOUND
405 http fetch GET https://registry.nlark.com/magic-string/download/magic-string-0.25.7.tgz attempt 2 failed with ENOTFOUND
406 http fetch GET https://registry.nlark.com/magic-string/download/magic-string-0.25.7.tgz attempt 3 failed with ENOTFOUND
407 silly fetch manifest source-map@https://registry.npm.taobao.org/source-map/download/source-map-0.6.1.tgz
408 http cache source-map@https://registry.npm.taobao.org/source-map/download/source-map-0.6.1.tgz 0ms (cache hit)
409 silly tarball no local data for source-map@https://registry.npm.taobao.org/source-map/download/source-map-0.6.1.tgz. Extracting by manifest.
410 http fetch GET https://registry.npm.taobao.org/source-map/download/source-map-0.6.1.tgz attempt 1 failed with CERT_HAS_EXPIRED
411 http fetch GET https://registry.npm.taobao.org/source-map/download/source-map-0.6.1.tgz attempt 2 failed with CERT_HAS_EXPIRED
412 http fetch GET https://registry.npm.taobao.org/source-map/download/source-map-0.6.1.tgz attempt 3 failed with CERT_HAS_EXPIRED
413 silly placeDep ROOT @vue/compiler-ssr@3.2.26 OK for: @vue/compiler-sfc@3.2.26 want: 3.2.26
414 silly placeDep ROOT @vue/reactivity-transform@3.2.26 OK for: @vue/compiler-sfc@3.2.26 want: 3.2.26
415 silly placeDep node_modules/@vue/compiler-sfc magic-string@ OK for: @vue/compiler-sfc@3.2.26 want: ^0.25.7
416 silly placeDep node_modules/@vue/compiler-sfc source-map@ OK for: @vue/compiler-sfc@3.2.26 want: ^0.6.1
417 silly fetch manifest magic-string@https://registry.nlark.com/magic-string/download/magic-string-0.25.7.tgz
418 http cache magic-string@https://registry.nlark.com/magic-string/download/magic-string-0.25.7.tgz 0ms (cache hit)
419 silly tarball no local data for magic-string@https://registry.nlark.com/magic-string/download/magic-string-0.25.7.tgz. Extracting by manifest.
420 http fetch GET https://registry.nlark.com/magic-string/download/magic-string-0.25.7.tgz attempt 1 failed with ENOTFOUND
421 http fetch GET https://registry.nlark.com/magic-string/download/magic-string-0.25.7.tgz attempt 2 failed with ENOTFOUND
422 http fetch GET https://registry.nlark.com/magic-string/download/magic-string-0.25.7.tgz attempt 3 failed with ENOTFOUND
423 silly fetch manifest magic-string@https://registry.nlark.com/magic-string/download/magic-string-0.25.7.tgz
424 http cache magic-string@https://registry.nlark.com/magic-string/download/magic-string-0.25.7.tgz 0ms (cache hit)
425 silly tarball no local data for magic-string@https://registry.nlark.com/magic-string/download/magic-string-0.25.7.tgz. Extracting by manifest.
426 http fetch GET https://registry.nlark.com/magic-string/download/magic-string-0.25.7.tgz attempt 1 failed with ENOTFOUND
427 http fetch GET https://registry.nlark.com/magic-string/download/magic-string-0.25.7.tgz attempt 2 failed with ENOTFOUND
428 http fetch GET https://registry.nlark.com/magic-string/download/magic-string-0.25.7.tgz attempt 3 failed with ENOTFOUND
429 silly placeDep node_modules/@vue/reactivity-transform magic-string@ OK for: @vue/reactivity-transform@3.2.26 want: ^0.25.7
430 silly placeDep ROOT @vue/runtime-core@3.2.26 OK for: @vue/runtime-dom@3.2.26 want: 3.2.26
431 silly placeDep ROOT csstype@2.6.19 OK for: @vue/runtime-dom@3.2.26 want: ^2.6.8
432 silly fetch manifest @vue/reactivity@https://registry.npmmirror.com/@vue/reactivity/download/@vue/reactivity-3.2.26.tgz
433 http cache @vue/reactivity@https://registry.npmmirror.com/@vue/reactivity/download/@vue/reactivity-3.2.26.tgz 0ms (cache hit)
434 silly tarball no local data for @vue/reactivity@https://registry.npmmirror.com/@vue/reactivity/download/@vue/reactivity-3.2.26.tgz. Extracting by manifest.
435 http fetch GET 200 https://cdn.npmmirror.com/packages/%40vue/reactivity/3.2.26/reactivity-3.2.26.tgz 4195ms (cache miss)
436 silly placeDep ROOT @vue/reactivity@3.2.26 OK for: @vue/runtime-core@3.2.26 want: 3.2.26
437 verbose type system
438 verbose stack FetchError: request to https://registry.npm.taobao.org/scss/download/scss-0.2.4.tgz failed, reason: certificate has expired
438 verbose stack     at ClientRequest.<anonymous> (C:\Program Files\nodejs\node_modules\npm\node_modules\minipass-fetch\lib\index.js:130:14)
438 verbose stack     at ClientRequest.emit (node:events:519:28)
438 verbose stack     at emitErrorEvent (node:_http_client:105:11)
438 verbose stack     at _destroy (node:_http_client:898:9)
438 verbose stack     at onSocketNT (node:_http_client:918:5)
438 verbose stack     at process.processTicksAndRejections (node:internal/process/task_queues:91:21)
439 error code CERT_HAS_EXPIRED
440 error errno CERT_HAS_EXPIRED
441 error request to https://registry.npm.taobao.org/scss/download/scss-0.2.4.tgz failed, reason: certificate has expired
442 silly unfinished npm timer reify 1780411180866
443 silly unfinished npm timer reify:loadTrees 1780411180867
444 verbose cwd D:\girlfriend-gift-collection-master\chat-want-to-say
445 verbose os Windows_NT 10.0.26200
446 verbose node v22.20.0
447 verbose npm  v10.9.3
448 verbose exit 1
449 verbose code 1
450 error A complete log of this run can be found in: D:\girlfriend-gift-collection-master\chat-want-to-say\.npm-cache\_logs\2026-06-02T14_39_39_846Z-debug-0.log
