0 verbose cli C:\Program Files\nodejs\node.exe C:\Program Files\nodejs\node_modules\npm\bin\npm-cli.js
1 info using npm@10.9.3
2 info using node@v22.20.0
3 silly config load:file:C:\Program Files\nodejs\node_modules\npm\npmrc
4 silly config load:file:D:\girlfriend-gift-collection-master\chat-want-to-say\.npmrc
5 silly config load:file:C:\Users\Gagan Kumar\.npmrc
6 silly config load:file:C:\Users\Gagan Kumar\AppData\Roaming\npm\etc\npmrc
7 verbose title npm install
8 verbose argv "install" "--cache" ".\\.npm-cache"
9 verbose logfile logs-max:10 dir:D:\girlfriend-gift-collection-master\chat-want-to-say\.npm-cache\_logs\2026-06-02T14_26_50_276Z-
10 verbose logfile D:\girlfriend-gift-collection-master\chat-want-to-say\.npm-cache\_logs\2026-06-02T14_26_50_276Z-debug-0.log
11 silly logfile done cleaning log files
12 silly packumentCache heap:4345298944 maxSize:1086324736 maxEntrySize:543162368
13 http fetch GET https://registry.npmjs.org/npm attempt 1 failed with EACCES
14 silly idealTree buildDeps
15 silly fetch manifest @varlet/ui@https://registry.npmmirror.com/@varlet/ui/download/@varlet/ui-1.24.1.tgz
16 http cache @varlet/ui@https://registry.npmmirror.com/@varlet/ui/download/@varlet/ui-1.24.1.tgz 1ms (cache hit)
17 silly tarball no local data for @varlet/ui@https://registry.npmmirror.com/@varlet/ui/download/@varlet/ui-1.24.1.tgz. Extracting by manifest.
18 http fetch GET https://registry.npmmirror.com/@varlet/ui/download/@varlet/ui-1.24.1.tgz attempt 1 failed with EACCES
19 http fetch GET https://registry.npmjs.org/npm attempt 2 failed with EACCES
20 http fetch GET https://registry.npmmirror.com/@varlet/ui/download/@varlet/ui-1.24.1.tgz attempt 2 failed with EACCES
21 http fetch GET https://registry.npmjs.org/npm attempt 3 failed with EACCES
22 http fetch GET https://registry.npmmirror.com/@varlet/ui/download/@varlet/ui-1.24.1.tgz attempt 3 failed with EACCES
23 silly fetch manifest animate.css@https://registry.npmmirror.com/animate.css/download/animate.css-4.1.1.tgz
24 http cache animate.css@https://registry.npmmirror.com/animate.css/download/animate.css-4.1.1.tgz 0ms (cache hit)
25 silly tarball no local data for animate.css@https://registry.npmmirror.com/animate.css/download/animate.css-4.1.1.tgz. Extracting by manifest.
26 http fetch GET https://registry.npmmirror.com/animate.css/download/animate.css-4.1.1.tgz attempt 1 failed with EACCES
27 http fetch GET https://registry.npmmirror.com/animate.css/download/animate.css-4.1.1.tgz attempt 2 failed with EACCES
